{"/home/riyo/Documents/Final-Project/backend/index.js": {"path":"/home/riyo/Documents/Final-Project/backend/index.js","statementMap":{"0":{"start":{"line":1,"column":0},"end":{"line":3,"column":3}},"1":{"start":{"line":5,"column":11},"end":{"line":5,"column":24}},"2":{"start":{"line":6,"column":13},"end":{"line":6,"column":28}},"3":{"start":{"line":7,"column":16},"end":{"line":7,"column":34}},"4":{"start":{"line":8,"column":19},"end":{"line":8,"column":48}},"5":{"start":{"line":11,"column":12},"end":{"line":11,"column":32}},"6":{"start":{"line":12,"column":18},"end":{"line":12,"column":47}},"7":{"start":{"line":13,"column":12},"end":{"line":13,"column":26}},"8":{"start":{"line":14,"column":15},"end":{"line":14,"column":32}},"9":{"start":{"line":15,"column":13},"end":{"line":15,"column":28}},"10":{"start":{"line":16,"column":15},"end":{"line":16,"column":32}},"11":{"start":{"line":18,"column":12},"end":{"line":18,"column":21}},"12":{"start":{"line":21,"column":19},"end":{"line":21,"column":49}},"13":{"start":{"line":22,"column":22},"end":{"line":22,"column":55}},"14":{"start":{"line":23,"column":19},"end":{"line":23,"column":49}},"15":{"start":{"line":25,"column":22},"end":{"line":25,"column":55}},"16":{"start":{"line":28,"column":0},"end":{"line":28,"column":24}},"17":{"start":{"line":29,"column":0},"end":{"line":29,"column":22}},"18":{"start":{"line":30,"column":0},"end":{"line":34,"column":2}},"19":{"start":{"line":36,"column":0},"end":{"line":36,"column":22}},"20":{"start":{"line":42,"column":0},"end":{"line":42,"column":15}},"21":{"start":{"line":45,"column":16},"end":{"line":48,"column":2}},"22":{"start":{"line":50,"column":0},"end":{"line":50,"column":17}},"23":{"start":{"line":53,"column":0},"end":{"line":53,"column":15}},"24":{"start":{"line":55,"column":0},"end":{"line":59,"column":2}},"25":{"start":{"line":62,"column":0},"end":{"line":62,"column":16}},"26":{"start":{"line":64,"column":0},"end":{"line":77,"column":1}},"27":{"start":{"line":65,"column":2},"end":{"line":65,"column":25}},"28":{"start":{"line":68,"column":24},"end":{"line":73,"column":3}},"29":{"start":{"line":76,"column":2},"end":{"line":76,"column":59}},"30":{"start":{"line":79,"column":0},"end":{"line":79,"column":34}},"31":{"start":{"line":82,"column":0},"end":{"line":82,"column":32}},"32":{"start":{"line":85,"column":0},"end":{"line":85,"column":29}},"33":{"start":{"line":86,"column":0},"end":{"line":86,"column":29}},"34":{"start":{"line":87,"column":0},"end":{"line":87,"column":35}},"35":{"start":{"line":88,"column":0},"end":{"line":88,"column":36}},"36":{"start":{"line":91,"column":0},"end":{"line":93,"column":1}},"37":{"start":{"line":92,"column":2},"end":{"line":92,"column":69}},"38":{"start":{"line":92,"column":25},"end":{"line":92,"column":67}},"39":{"start":{"line":95,"column":0},"end":{"line":95,"column":21}}},"fnMap":{"0":{"name":"(anonymous_0)","decl":{"start":{"line":92,"column":19},"end":{"line":92,"column":20}},"loc":{"start":{"line":92,"column":25},"end":{"line":92,"column":67}},"line":92}},"branchMap":{"0":{"loc":{"start":{"line":64,"column":0},"end":{"line":77,"column":1}},"type":"if","locations":[{"start":{"line":64,"column":0},"end":{"line":77,"column":1}},{"start":{"line":64,"column":0},"end":{"line":77,"column":1}}],"line":64},"1":{"loc":{"start":{"line":91,"column":0},"end":{"line":93,"column":1}},"type":"if","locations":[{"start":{"line":91,"column":0},"end":{"line":93,"column":1}},{"start":{"line":91,"column":0},"end":{"line":93,"column":1}}],"line":91}},"s":{"0":1,"1":1,"2":1,"3":1,"4":1,"5":1,"6":1,"7":1,"8":1,"9":1,"10":1,"11":1,"12":1,"13":1,"14":1,"15":1,"16":1,"17":1,"18":1,"19":1,"20":1,"21":1,"22":1,"23":1,"24":1,"25":1,"26":1,"27":0,"28":1,"29":1,"30":1,"31":1,"32":1,"33":1,"34":1,"35":1,"36":1,"37":0,"38":0,"39":1},"f":{"0":0},"b":{"0":[0,1],"1":[0,1]},"_coverageSchema":"1a1c01bbd47fc00a2c39e90264f33305004495a9","hash":"7f682ee2dd4656fbbb5b7c646cfb75d0e80d830e"}
,"/home/riyo/Documents/Final-Project/backend/config/config.js": {"path":"/home/riyo/Documents/Final-Project/backend/config/config.js","statementMap":{"0":{"start":{"line":1,"column":0},"end":{"line":3,"column":3}},"1":{"start":{"line":5,"column":0},"end":{"line":27,"column":2}}},"fnMap":{},"branchMap":{},"s":{"0":1,"1":1},"f":{},"b":{},"_coverageSchema":"1a1c01bbd47fc00a2c39e90264f33305004495a9","hash":"cb85689c9f960a26f8d80e392fb638254e6b0a61"}
,"/home/riyo/Documents/Final-Project/backend/controllers/authController.js": {"path":"/home/riyo/Documents/Final-Project/backend/controllers/authController.js","statementMap":{"0":{"start":{"line":1,"column":12},"end":{"line":1,"column":35}},"1":{"start":{"line":5,"column":4},"end":{"line":25,"column":5}},"2":{"start":{"line":6,"column":19},"end":{"line":10,"column":7}},"3":{"start":{"line":12,"column":20},"end":{"line":14,"column":8}},"4":{"start":{"line":16,"column":6},"end":{"line":19,"column":9}},"5":{"start":{"line":21,"column":6},"end":{"line":24,"column":9}},"6":{"start":{"line":29,"column":4},"end":{"line":49,"column":5}},"7":{"start":{"line":30,"column":19},"end":{"line":34,"column":7}},"8":{"start":{"line":36,"column":20},"end":{"line":38,"column":8}},"9":{"start":{"line":40,"column":6},"end":{"line":43,"column":9}},"10":{"start":{"line":45,"column":6},"end":{"line":48,"column":9}},"11":{"start":{"line":53,"column":0},"end":{"line":53,"column":38}}},"fnMap":{"0":{"name":"(anonymous_0)","decl":{"start":{"line":4,"column":2},"end":{"line":4,"column":3}},"loc":{"start":{"line":4,"column":27},"end":{"line":26,"column":3}},"line":4},"1":{"name":"(anonymous_1)","decl":{"start":{"line":28,"column":2},"end":{"line":28,"column":3}},"loc":{"start":{"line":28,"column":34},"end":{"line":50,"column":3}},"line":28}},"branchMap":{},"s":{"0":1,"1":1,"2":1,"3":1,"4":1,"5":0,"6":0,"7":0,"8":0,"9":0,"10":0,"11":1},"f":{"0":1,"1":0},"b":{},"_coverageSchema":"1a1c01bbd47fc00a2c39e90264f33305004495a9","hash":"07464072f7a322d568d87da772ca9648b61e2780"}
,"/home/riyo/Documents/Final-Project/backend/controllers/categoryController.js": {"path":"/home/riyo/Documents/Final-Project/backend/controllers/categoryController.js","statementMap":{"0":{"start":{"line":1,"column":21},"end":{"line":1,"column":41}},"1":{"start":{"line":6,"column":4},"end":{"line":24,"column":5}},"2":{"start":{"line":7,"column":17},"end":{"line":7,"column":41}},"3":{"start":{"line":9,"column":6},"end":{"line":13,"column":7}},"4":{"start":{"line":10,"column":8},"end":{"line":12,"column":11}},"5":{"start":{"line":14,"column":6},"end":{"line":17,"column":9}},"6":{"start":{"line":19,"column":6},"end":{"line":19,"column":24}},"7":{"start":{"line":20,"column":6},"end":{"line":23,"column":9}},"8":{"start":{"line":29,"column":4},"end":{"line":48,"column":5}},"9":{"start":{"line":30,"column":17},"end":{"line":32,"column":8}},"10":{"start":{"line":34,"column":6},"end":{"line":38,"column":7}},"11":{"start":{"line":35,"column":8},"end":{"line":37,"column":11}},"12":{"start":{"line":39,"column":6},"end":{"line":42,"column":9}},"13":{"start":{"line":44,"column":6},"end":{"line":47,"column":9}},"14":{"start":{"line":51,"column":0},"end":{"line":51,"column":42}}},"fnMap":{"0":{"name":"(anonymous_0)","decl":{"start":{"line":5,"column":2},"end":{"line":5,"column":3}},"loc":{"start":{"line":5,"column":25},"end":{"line":25,"column":3}},"line":5},"1":{"name":"(anonymous_1)","decl":{"start":{"line":28,"column":2},"end":{"line":28,"column":3}},"loc":{"start":{"line":28,"column":25},"end":{"line":49,"column":3}},"line":28}},"branchMap":{"0":{"loc":{"start":{"line":9,"column":6},"end":{"line":13,"column":7}},"type":"if","locations":[{"start":{"line":9,"column":6},"end":{"line":13,"column":7}},{"start":{"line":9,"column":6},"end":{"line":13,"column":7}}],"line":9},"1":{"loc":{"start":{"line":34,"column":6},"end":{"line":38,"column":7}},"type":"if","locations":[{"start":{"line":34,"column":6},"end":{"line":38,"column":7}},{"start":{"line":34,"column":6},"end":{"line":38,"column":7}}],"line":34}},"s":{"0":1,"1":0,"2":0,"3":0,"4":0,"5":0,"6":0,"7":0,"8":0,"9":0,"10":0,"11":0,"12":0,"13":0,"14":1},"f":{"0":0,"1":0},"b":{"0":[0,0],"1":[0,0]},"_coverageSchema":"1a1c01bbd47fc00a2c39e90264f33305004495a9","hash":"eb5f59a2f8a228496555d0d907fdecb45663829e"}
,"/home/riyo/Documents/Final-Project/backend/controllers/partnerController.js": {"path":"/home/riyo/Documents/Final-Project/backend/controllers/partnerController.js","statementMap":{"0":{"start":{"line":1,"column":30},"end":{"line":1,"column":50}},"1":{"start":{"line":6,"column":4},"end":{"line":39,"column":9}},"2":{"start":{"line":21,"column":8},"end":{"line":25,"column":9}},"3":{"start":{"line":22,"column":10},"end":{"line":24,"column":13}},"4":{"start":{"line":28,"column":8},"end":{"line":31,"column":11}},"5":{"start":{"line":35,"column":8},"end":{"line":38,"column":11}},"6":{"start":{"line":44,"column":17},"end":{"line":46,"column":5}},"7":{"start":{"line":48,"column":4},"end":{"line":73,"column":5}},"8":{"start":{"line":50,"column":24},"end":{"line":54,"column":8}},"9":{"start":{"line":57,"column":17},"end":{"line":60,"column":8}},"10":{"start":{"line":63,"column":6},"end":{"line":66,"column":9}},"11":{"start":{"line":69,"column":6},"end":{"line":72,"column":9}},"12":{"start":{"line":77,"column":0},"end":{"line":77,"column":41}}},"fnMap":{"0":{"name":"(anonymous_0)","decl":{"start":{"line":5,"column":2},"end":{"line":5,"column":3}},"loc":{"start":{"line":5,"column":26},"end":{"line":40,"column":3}},"line":5},"1":{"name":"(anonymous_1)","decl":{"start":{"line":19,"column":12},"end":{"line":19,"column":13}},"loc":{"start":{"line":19,"column":22},"end":{"line":32,"column":7}},"line":19},"2":{"name":"(anonymous_2)","decl":{"start":{"line":33,"column":13},"end":{"line":33,"column":14}},"loc":{"start":{"line":33,"column":20},"end":{"line":39,"column":7}},"line":33},"3":{"name":"(anonymous_3)","decl":{"start":{"line":43,"column":2},"end":{"line":43,"column":3}},"loc":{"start":{"line":43,"column":40},"end":{"line":74,"column":3}},"line":43}},"branchMap":{"0":{"loc":{"start":{"line":21,"column":8},"end":{"line":25,"column":9}},"type":"if","locations":[{"start":{"line":21,"column":8},"end":{"line":25,"column":9}},{"start":{"line":21,"column":8},"end":{"line":25,"column":9}}],"line":21}},"s":{"0":1,"1":0,"2":0,"3":0,"4":0,"5":0,"6":0,"7":0,"8":0,"9":0,"10":0,"11":0,"12":1},"f":{"0":0,"1":0,"2":0,"3":0},"b":{"0":[0,0]},"_coverageSchema":"1a1c01bbd47fc00a2c39e90264f33305004495a9","hash":"312c701480f17ad69d06015d61910474dab0397d"}
,"/home/riyo/Documents/Final-Project/backend/controllers/userController.js": {"path":"/home/riyo/Documents/Final-Project/backend/controllers/userController.js","statementMap":{"0":{"start":{"line":1,"column":17},"end":{"line":1,"column":37}},"1":{"start":{"line":2,"column":19},"end":{"line":2,"column":40}},"2":{"start":{"line":7,"column":4},"end":{"line":31,"column":9}},"3":{"start":{"line":13,"column":8},"end":{"line":17,"column":9}},"4":{"start":{"line":14,"column":10},"end":{"line":16,"column":13}},"5":{"start":{"line":20,"column":8},"end":{"line":23,"column":11}},"6":{"start":{"line":27,"column":8},"end":{"line":30,"column":11}},"7":{"start":{"line":36,"column":22},"end":{"line":36,"column":30}},"8":{"start":{"line":39,"column":22},"end":{"line":45,"column":6}},"9":{"start":{"line":47,"column":22},"end":{"line":53,"column":5}},"10":{"start":{"line":56,"column":15},"end":{"line":56,"column":54}},"11":{"start":{"line":58,"column":4},"end":{"line":58,"column":72}},"12":{"start":{"line":63,"column":17},"end":{"line":67,"column":5}},"13":{"start":{"line":69,"column":4},"end":{"line":93,"column":5}},"14":{"start":{"line":70,"column":24},"end":{"line":74,"column":8}},"15":{"start":{"line":77,"column":17},"end":{"line":80,"column":8}},"16":{"start":{"line":83,"column":6},"end":{"line":86,"column":9}},"17":{"start":{"line":89,"column":6},"end":{"line":92,"column":9}},"18":{"start":{"line":97,"column":0},"end":{"line":97,"column":38}}},"fnMap":{"0":{"name":"(anonymous_0)","decl":{"start":{"line":6,"column":2},"end":{"line":6,"column":3}},"loc":{"start":{"line":6,"column":19},"end":{"line":32,"column":3}},"line":6},"1":{"name":"(anonymous_1)","decl":{"start":{"line":12,"column":12},"end":{"line":12,"column":13}},"loc":{"start":{"line":12,"column":22},"end":{"line":24,"column":7}},"line":12},"2":{"name":"(anonymous_2)","decl":{"start":{"line":25,"column":13},"end":{"line":25,"column":14}},"loc":{"start":{"line":25,"column":20},"end":{"line":31,"column":7}},"line":25},"3":{"name":"(anonymous_3)","decl":{"start":{"line":35,"column":2},"end":{"line":35,"column":3}},"loc":{"start":{"line":35,"column":30},"end":{"line":59,"column":3}},"line":35},"4":{"name":"(anonymous_4)","decl":{"start":{"line":62,"column":2},"end":{"line":62,"column":3}},"loc":{"start":{"line":62,"column":25},"end":{"line":94,"column":3}},"line":62}},"branchMap":{"0":{"loc":{"start":{"line":13,"column":8},"end":{"line":17,"column":9}},"type":"if","locations":[{"start":{"line":13,"column":8},"end":{"line":17,"column":9}},{"start":{"line":13,"column":8},"end":{"line":17,"column":9}}],"line":13}},"s":{"0":1,"1":1,"2":0,"3":0,"4":0,"5":0,"6":0,"7":0,"8":0,"9":0,"10":0,"11":0,"12":0,"13":0,"14":0,"15":0,"16":0,"17":0,"18":1},"f":{"0":0,"1":0,"2":0,"3":0,"4":0},"b":{"0":[0,0]},"_coverageSchema":"1a1c01bbd47fc00a2c39e90264f33305004495a9","hash":"95b079b1b688e1970d783790ce82a64b2506b39d"}
,"/home/riyo/Documents/Final-Project/backend/middlewares/auth/index.js": {"path":"/home/riyo/Documents/Final-Project/backend/middlewares/auth/index.js","statementMap":{"0":{"start":{"line":1,"column":17},"end":{"line":1,"column":36}},"1":{"start":{"line":2,"column":22},"end":{"line":2,"column":56}},"2":{"start":{"line":3,"column":15},"end":{"line":3,"column":32}},"3":{"start":{"line":4,"column":20},"end":{"line":4,"column":52}},"4":{"start":{"line":5,"column":19},"end":{"line":5,"column":53}},"5":{"start":{"line":6,"column":26},"end":{"line":6,"column":49}},"6":{"start":{"line":8,"column":0},"end":{"line":27,"column":2}},"7":{"start":{"line":9,"column":2},"end":{"line":26,"column":21}},"8":{"start":{"line":10,"column":4},"end":{"line":15,"column":5}},"9":{"start":{"line":11,"column":6},"end":{"line":14,"column":9}},"10":{"start":{"line":17,"column":4},"end":{"line":21,"column":5}},"11":{"start":{"line":18,"column":6},"end":{"line":20,"column":9}},"12":{"start":{"line":23,"column":4},"end":{"line":23,"column":20}},"13":{"start":{"line":25,"column":4},"end":{"line":25,"column":11}},"14":{"start":{"line":29,"column":0},"end":{"line":58,"column":2}},"15":{"start":{"line":38,"column":6},"end":{"line":55,"column":7}},"16":{"start":{"line":39,"column":19},"end":{"line":39,"column":75}},"17":{"start":{"line":40,"column":8},"end":{"line":50,"column":9}},"18":{"start":{"line":41,"column":10},"end":{"line":43,"column":13}},"19":{"start":{"line":45,"column":27},"end":{"line":45,"column":54}},"20":{"start":{"line":47,"column":10},"end":{"line":49,"column":13}},"21":{"start":{"line":52,"column":8},"end":{"line":54,"column":11}},"22":{"start":{"line":60,"column":0},"end":{"line":79,"column":2}},"23":{"start":{"line":61,"column":2},"end":{"line":78,"column":21}},"24":{"start":{"line":62,"column":4},"end":{"line":67,"column":5}},"25":{"start":{"line":63,"column":6},"end":{"line":66,"column":9}},"26":{"start":{"line":69,"column":4},"end":{"line":73,"column":5}},"27":{"start":{"line":70,"column":6},"end":{"line":72,"column":9}},"28":{"start":{"line":75,"column":4},"end":{"line":75,"column":20}},"29":{"start":{"line":77,"column":4},"end":{"line":77,"column":11}},"30":{"start":{"line":81,"column":0},"end":{"line":119,"column":2}},"31":{"start":{"line":90,"column":6},"end":{"line":116,"column":7}},"32":{"start":{"line":91,"column":25},"end":{"line":93,"column":10}},"33":{"start":{"line":95,"column":8},"end":{"line":99,"column":9}},"34":{"start":{"line":96,"column":10},"end":{"line":98,"column":13}},"35":{"start":{"line":101,"column":23},"end":{"line":101,"column":74}},"36":{"start":{"line":103,"column":8},"end":{"line":107,"column":9}},"37":{"start":{"line":104,"column":10},"end":{"line":106,"column":13}},"38":{"start":{"line":109,"column":8},"end":{"line":111,"column":11}},"39":{"start":{"line":113,"column":8},"end":{"line":115,"column":11}},"40":{"start":{"line":121,"column":0},"end":{"line":144,"column":2}},"41":{"start":{"line":122,"column":2},"end":{"line":143,"column":20}},"42":{"start":{"line":126,"column":6},"end":{"line":131,"column":7}},"43":{"start":{"line":127,"column":8},"end":{"line":130,"column":11}},"44":{"start":{"line":133,"column":6},"end":{"line":137,"column":7}},"45":{"start":{"line":134,"column":8},"end":{"line":136,"column":11}},"46":{"start":{"line":139,"column":6},"end":{"line":139,"column":28}},"47":{"start":{"line":141,"column":6},"end":{"line":141,"column":13}},"48":{"start":{"line":146,"column":0},"end":{"line":169,"column":2}},"49":{"start":{"line":155,"column":6},"end":{"line":166,"column":7}},"50":{"start":{"line":156,"column":28},"end":{"line":156,"column":58}},"51":{"start":{"line":158,"column":8},"end":{"line":160,"column":11}},"52":{"start":{"line":162,"column":8},"end":{"line":162,"column":23}},"53":{"start":{"line":163,"column":8},"end":{"line":165,"column":11}},"54":{"start":{"line":171,"column":0},"end":{"line":194,"column":2}},"55":{"start":{"line":172,"column":2},"end":{"line":193,"column":20}},"56":{"start":{"line":176,"column":6},"end":{"line":181,"column":7}},"57":{"start":{"line":177,"column":8},"end":{"line":180,"column":11}},"58":{"start":{"line":183,"column":6},"end":{"line":187,"column":7}},"59":{"start":{"line":184,"column":8},"end":{"line":186,"column":11}},"60":{"start":{"line":189,"column":6},"end":{"line":189,"column":28}},"61":{"start":{"line":191,"column":6},"end":{"line":191,"column":13}},"62":{"start":{"line":196,"column":0},"end":{"line":234,"column":2}},"63":{"start":{"line":205,"column":6},"end":{"line":231,"column":7}},"64":{"start":{"line":206,"column":28},"end":{"line":208,"column":10}},"65":{"start":{"line":210,"column":8},"end":{"line":214,"column":9}},"66":{"start":{"line":211,"column":10},"end":{"line":213,"column":13}},"67":{"start":{"line":216,"column":23},"end":{"line":216,"column":77}},"68":{"start":{"line":218,"column":8},"end":{"line":222,"column":9}},"69":{"start":{"line":219,"column":10},"end":{"line":221,"column":13}},"70":{"start":{"line":224,"column":8},"end":{"line":226,"column":11}},"71":{"start":{"line":228,"column":8},"end":{"line":230,"column":11}},"72":{"start":{"line":236,"column":0},"end":{"line":255,"column":2}},"73":{"start":{"line":237,"column":2},"end":{"line":254,"column":21}},"74":{"start":{"line":238,"column":4},"end":{"line":243,"column":5}},"75":{"start":{"line":239,"column":6},"end":{"line":242,"column":9}},"76":{"start":{"line":245,"column":4},"end":{"line":249,"column":5}},"77":{"start":{"line":246,"column":6},"end":{"line":248,"column":9}},"78":{"start":{"line":251,"column":4},"end":{"line":251,"column":20}},"79":{"start":{"line":253,"column":4},"end":{"line":253,"column":11}},"80":{"start":{"line":257,"column":0},"end":{"line":287,"column":2}},"81":{"start":{"line":265,"column":6},"end":{"line":284,"column":7}},"82":{"start":{"line":266,"column":25},"end":{"line":268,"column":10}},"83":{"start":{"line":270,"column":8},"end":{"line":275,"column":9}},"84":{"start":{"line":274,"column":10},"end":{"line":274,"column":40}},"85":{"start":{"line":277,"column":8},"end":{"line":279,"column":11}},"86":{"start":{"line":281,"column":8},"end":{"line":283,"column":11}},"87":{"start":{"line":289,"column":0},"end":{"line":313,"column":2}},"88":{"start":{"line":291,"column":2},"end":{"line":312,"column":21}},"89":{"start":{"line":293,"column":4},"end":{"line":298,"column":5}},"90":{"start":{"line":294,"column":6},"end":{"line":297,"column":9}},"91":{"start":{"line":301,"column":4},"end":{"line":305,"column":5}},"92":{"start":{"line":302,"column":6},"end":{"line":304,"column":9}},"93":{"start":{"line":308,"column":4},"end":{"line":308,"column":20}},"94":{"start":{"line":311,"column":4},"end":{"line":311,"column":11}},"95":{"start":{"line":315,"column":0},"end":{"line":344,"column":2}},"96":{"start":{"line":325,"column":6},"end":{"line":341,"column":7}},"97":{"start":{"line":326,"column":8},"end":{"line":326,"column":27}},"98":{"start":{"line":327,"column":26},"end":{"line":327,"column":78}},"99":{"start":{"line":329,"column":8},"end":{"line":331,"column":9}},"100":{"start":{"line":330,"column":10},"end":{"line":330,"column":35}},"101":{"start":{"line":333,"column":8},"end":{"line":335,"column":11}},"102":{"start":{"line":338,"column":8},"end":{"line":340,"column":11}},"103":{"start":{"line":346,"column":0},"end":{"line":370,"column":2}},"104":{"start":{"line":348,"column":2},"end":{"line":369,"column":21}},"105":{"start":{"line":350,"column":4},"end":{"line":355,"column":5}},"106":{"start":{"line":351,"column":6},"end":{"line":354,"column":9}},"107":{"start":{"line":358,"column":4},"end":{"line":362,"column":5}},"108":{"start":{"line":359,"column":6},"end":{"line":361,"column":9}},"109":{"start":{"line":365,"column":4},"end":{"line":365,"column":26}},"110":{"start":{"line":368,"column":4},"end":{"line":368,"column":11}},"111":{"start":{"line":372,"column":0},"end":{"line":406,"column":2}},"112":{"start":{"line":382,"column":6},"end":{"line":403,"column":7}},"113":{"start":{"line":383,"column":8},"end":{"line":383,"column":27}},"114":{"start":{"line":384,"column":29},"end":{"line":386,"column":10}},"115":{"start":{"line":388,"column":8},"end":{"line":393,"column":9}},"116":{"start":{"line":392,"column":10},"end":{"line":392,"column":35}},"117":{"start":{"line":395,"column":8},"end":{"line":397,"column":11}},"118":{"start":{"line":400,"column":8},"end":{"line":402,"column":11}}},"fnMap":{"0":{"name":"(anonymous_0)","decl":{"start":{"line":8,"column":17},"end":{"line":8,"column":18}},"loc":{"start":{"line":8,"column":37},"end":{"line":27,"column":1}},"line":8},"1":{"name":"(anonymous_1)","decl":{"start":{"line":9,"column":54},"end":{"line":9,"column":55}},"loc":{"start":{"line":9,"column":75},"end":{"line":26,"column":3}},"line":9},"2":{"name":"(anonymous_2)","decl":{"start":{"line":37,"column":4},"end":{"line":37,"column":5}},"loc":{"start":{"line":37,"column":42},"end":{"line":56,"column":5}},"line":37},"3":{"name":"(anonymous_3)","decl":{"start":{"line":60,"column":17},"end":{"line":60,"column":18}},"loc":{"start":{"line":60,"column":37},"end":{"line":79,"column":1}},"line":60},"4":{"name":"(anonymous_4)","decl":{"start":{"line":61,"column":54},"end":{"line":61,"column":55}},"loc":{"start":{"line":61,"column":75},"end":{"line":78,"column":3}},"line":61},"5":{"name":"(anonymous_5)","decl":{"start":{"line":89,"column":4},"end":{"line":89,"column":5}},"loc":{"start":{"line":89,"column":42},"end":{"line":117,"column":5}},"line":89},"6":{"name":"(anonymous_6)","decl":{"start":{"line":121,"column":24},"end":{"line":121,"column":25}},"loc":{"start":{"line":121,"column":44},"end":{"line":144,"column":1}},"line":121},"7":{"name":"(anonymous_7)","decl":{"start":{"line":125,"column":4},"end":{"line":125,"column":5}},"loc":{"start":{"line":125,"column":28},"end":{"line":142,"column":5}},"line":125},"8":{"name":"(anonymous_8)","decl":{"start":{"line":154,"column":4},"end":{"line":154,"column":5}},"loc":{"start":{"line":154,"column":42},"end":{"line":167,"column":5}},"line":154},"9":{"name":"(anonymous_9)","decl":{"start":{"line":171,"column":24},"end":{"line":171,"column":25}},"loc":{"start":{"line":171,"column":44},"end":{"line":194,"column":1}},"line":171},"10":{"name":"(anonymous_10)","decl":{"start":{"line":175,"column":4},"end":{"line":175,"column":5}},"loc":{"start":{"line":175,"column":28},"end":{"line":192,"column":5}},"line":175},"11":{"name":"(anonymous_11)","decl":{"start":{"line":204,"column":4},"end":{"line":204,"column":5}},"loc":{"start":{"line":204,"column":42},"end":{"line":232,"column":5}},"line":204},"12":{"name":"(anonymous_12)","decl":{"start":{"line":236,"column":22},"end":{"line":236,"column":23}},"loc":{"start":{"line":236,"column":42},"end":{"line":255,"column":1}},"line":236},"13":{"name":"(anonymous_13)","decl":{"start":{"line":237,"column":36},"end":{"line":237,"column":37}},"loc":{"start":{"line":237,"column":57},"end":{"line":254,"column":3}},"line":237},"14":{"name":"(anonymous_14)","decl":{"start":{"line":264,"column":4},"end":{"line":264,"column":5}},"loc":{"start":{"line":264,"column":27},"end":{"line":285,"column":5}},"line":264},"15":{"name":"(anonymous_15)","decl":{"start":{"line":289,"column":16},"end":{"line":289,"column":17}},"loc":{"start":{"line":289,"column":36},"end":{"line":313,"column":1}},"line":289},"16":{"name":"(anonymous_16)","decl":{"start":{"line":291,"column":30},"end":{"line":291,"column":31}},"loc":{"start":{"line":291,"column":51},"end":{"line":312,"column":3}},"line":291},"17":{"name":"(anonymous_17)","decl":{"start":{"line":324,"column":4},"end":{"line":324,"column":5}},"loc":{"start":{"line":324,"column":27},"end":{"line":342,"column":5}},"line":324},"18":{"name":"(anonymous_18)","decl":{"start":{"line":346,"column":18},"end":{"line":346,"column":19}},"loc":{"start":{"line":346,"column":38},"end":{"line":370,"column":1}},"line":346},"19":{"name":"(anonymous_19)","decl":{"start":{"line":348,"column":32},"end":{"line":348,"column":33}},"loc":{"start":{"line":348,"column":53},"end":{"line":369,"column":3}},"line":348},"20":{"name":"(anonymous_20)","decl":{"start":{"line":381,"column":4},"end":{"line":381,"column":5}},"loc":{"start":{"line":381,"column":27},"end":{"line":404,"column":5}},"line":381}},"branchMap":{"0":{"loc":{"start":{"line":10,"column":4},"end":{"line":15,"column":5}},"type":"if","locations":[{"start":{"line":10,"column":4},"end":{"line":15,"column":5}},{"start":{"line":10,"column":4},"end":{"line":15,"column":5}}],"line":10},"1":{"loc":{"start":{"line":17,"column":4},"end":{"line":21,"column":5}},"type":"if","locations":[{"start":{"line":17,"column":4},"end":{"line":21,"column":5}},{"start":{"line":17,"column":4},"end":{"line":21,"column":5}}],"line":17},"2":{"loc":{"start":{"line":40,"column":8},"end":{"line":50,"column":9}},"type":"if","locations":[{"start":{"line":40,"column":8},"end":{"line":50,"column":9}},{"start":{"line":40,"column":8},"end":{"line":50,"column":9}}],"line":40},"3":{"loc":{"start":{"line":62,"column":4},"end":{"line":67,"column":5}},"type":"if","locations":[{"start":{"line":62,"column":4},"end":{"line":67,"column":5}},{"start":{"line":62,"column":4},"end":{"line":67,"column":5}}],"line":62},"4":{"loc":{"start":{"line":69,"column":4},"end":{"line":73,"column":5}},"type":"if","locations":[{"start":{"line":69,"column":4},"end":{"line":73,"column":5}},{"start":{"line":69,"column":4},"end":{"line":73,"column":5}}],"line":69},"5":{"loc":{"start":{"line":95,"column":8},"end":{"line":99,"column":9}},"type":"if","locations":[{"start":{"line":95,"column":8},"end":{"line":99,"column":9}},{"start":{"line":95,"column":8},"end":{"line":99,"column":9}}],"line":95},"6":{"loc":{"start":{"line":103,"column":8},"end":{"line":107,"column":9}},"type":"if","locations":[{"start":{"line":103,"column":8},"end":{"line":107,"column":9}},{"start":{"line":103,"column":8},"end":{"line":107,"column":9}}],"line":103},"7":{"loc":{"start":{"line":126,"column":6},"end":{"line":131,"column":7}},"type":"if","locations":[{"start":{"line":126,"column":6},"end":{"line":131,"column":7}},{"start":{"line":126,"column":6},"end":{"line":131,"column":7}}],"line":126},"8":{"loc":{"start":{"line":133,"column":6},"end":{"line":137,"column":7}},"type":"if","locations":[{"start":{"line":133,"column":6},"end":{"line":137,"column":7}},{"start":{"line":133,"column":6},"end":{"line":137,"column":7}}],"line":133},"9":{"loc":{"start":{"line":176,"column":6},"end":{"line":181,"column":7}},"type":"if","locations":[{"start":{"line":176,"column":6},"end":{"line":181,"column":7}},{"start":{"line":176,"column":6},"end":{"line":181,"column":7}}],"line":176},"10":{"loc":{"start":{"line":183,"column":6},"end":{"line":187,"column":7}},"type":"if","locations":[{"start":{"line":183,"column":6},"end":{"line":187,"column":7}},{"start":{"line":183,"column":6},"end":{"line":187,"column":7}}],"line":183},"11":{"loc":{"start":{"line":210,"column":8},"end":{"line":214,"column":9}},"type":"if","locations":[{"start":{"line":210,"column":8},"end":{"line":214,"column":9}},{"start":{"line":210,"column":8},"end":{"line":214,"column":9}}],"line":210},"12":{"loc":{"start":{"line":218,"column":8},"end":{"line":222,"column":9}},"type":"if","locations":[{"start":{"line":218,"column":8},"end":{"line":222,"column":9}},{"start":{"line":218,"column":8},"end":{"line":222,"column":9}}],"line":218},"13":{"loc":{"start":{"line":238,"column":4},"end":{"line":243,"column":5}},"type":"if","locations":[{"start":{"line":238,"column":4},"end":{"line":243,"column":5}},{"start":{"line":238,"column":4},"end":{"line":243,"column":5}}],"line":238},"14":{"loc":{"start":{"line":245,"column":4},"end":{"line":249,"column":5}},"type":"if","locations":[{"start":{"line":245,"column":4},"end":{"line":249,"column":5}},{"start":{"line":245,"column":4},"end":{"line":249,"column":5}}],"line":245},"15":{"loc":{"start":{"line":270,"column":8},"end":{"line":275,"column":9}},"type":"if","locations":[{"start":{"line":270,"column":8},"end":{"line":275,"column":9}},{"start":{"line":270,"column":8},"end":{"line":275,"column":9}}],"line":270},"16":{"loc":{"start":{"line":271,"column":10},"end":{"line":272,"column":43}},"type":"binary-expr","locations":[{"start":{"line":271,"column":10},"end":{"line":271,"column":42}},{"start":{"line":272,"column":10},"end":{"line":272,"column":43}}],"line":271},"17":{"loc":{"start":{"line":293,"column":4},"end":{"line":298,"column":5}},"type":"if","locations":[{"start":{"line":293,"column":4},"end":{"line":298,"column":5}},{"start":{"line":293,"column":4},"end":{"line":298,"column":5}}],"line":293},"18":{"loc":{"start":{"line":301,"column":4},"end":{"line":305,"column":5}},"type":"if","locations":[{"start":{"line":301,"column":4},"end":{"line":305,"column":5}},{"start":{"line":301,"column":4},"end":{"line":305,"column":5}}],"line":301},"19":{"loc":{"start":{"line":329,"column":8},"end":{"line":331,"column":9}},"type":"if","locations":[{"start":{"line":329,"column":8},"end":{"line":331,"column":9}},{"start":{"line":329,"column":8},"end":{"line":331,"column":9}}],"line":329},"20":{"loc":{"start":{"line":350,"column":4},"end":{"line":355,"column":5}},"type":"if","locations":[{"start":{"line":350,"column":4},"end":{"line":355,"column":5}},{"start":{"line":350,"column":4},"end":{"line":355,"column":5}}],"line":350},"21":{"loc":{"start":{"line":358,"column":4},"end":{"line":362,"column":5}},"type":"if","locations":[{"start":{"line":358,"column":4},"end":{"line":362,"column":5}},{"start":{"line":358,"column":4},"end":{"line":362,"column":5}}],"line":358},"22":{"loc":{"start":{"line":388,"column":8},"end":{"line":393,"column":9}},"type":"if","locations":[{"start":{"line":388,"column":8},"end":{"line":393,"column":9}},{"start":{"line":388,"column":8},"end":{"line":393,"column":9}}],"line":388},"23":{"loc":{"start":{"line":389,"column":10},"end":{"line":390,"column":47}},"type":"binary-expr","locations":[{"start":{"line":389,"column":10},"end":{"line":389,"column":47}},{"start":{"line":390,"column":10},"end":{"line":390,"column":47}}],"line":389}},"s":{"0":1,"1":1,"2":1,"3":1,"4":1,"5":1,"6":1,"7":1,"8":1,"9":0,"10":1,"11":0,"12":1,"13":1,"14":1,"15":1,"16":1,"17":1,"18":0,"19":1,"20":1,"21":0,"22":1,"23":0,"24":0,"25":0,"26":0,"27":0,"28":0,"29":0,"30":1,"31":0,"32":0,"33":0,"34":0,"35":0,"36":0,"37":0,"38":0,"39":0,"40":1,"41":0,"42":0,"43":0,"44":0,"45":0,"46":0,"47":0,"48":1,"49":0,"50":0,"51":0,"52":0,"53":0,"54":1,"55":0,"56":0,"57":0,"58":0,"59":0,"60":0,"61":0,"62":1,"63":0,"64":0,"65":0,"66":0,"67":0,"68":0,"69":0,"70":0,"71":0,"72":1,"73":0,"74":0,"75":0,"76":0,"77":0,"78":0,"79":0,"80":1,"81":0,"82":0,"83":0,"84":0,"85":0,"86":0,"87":1,"88":0,"89":0,"90":0,"91":0,"92":0,"93":0,"94":0,"95":1,"96":0,"97":0,"98":0,"99":0,"100":0,"101":0,"102":0,"103":1,"104":0,"105":0,"106":0,"107":0,"108":0,"109":0,"110":0,"111":1,"112":0,"113":0,"114":0,"115":0,"116":0,"117":0,"118":0},"f":{"0":1,"1":1,"2":1,"3":0,"4":0,"5":0,"6":0,"7":0,"8":0,"9":0,"10":0,"11":0,"12":0,"13":0,"14":0,"15":0,"16":0,"17":0,"18":0,"19":0,"20":0},"b":{"0":[0,1],"1":[0,1],"2":[0,1],"3":[0,0],"4":[0,0],"5":[0,0],"6":[0,0],"7":[0,0],"8":[0,0],"9":[0,0],"10":[0,0],"11":[0,0],"12":[0,0],"13":[0,0],"14":[0,0],"15":[0,0],"16":[0,0],"17":[0,0],"18":[0,0],"19":[0,0],"20":[0,0],"21":[0,0],"22":[0,0],"23":[0,0]},"_coverageSchema":"1a1c01bbd47fc00a2c39e90264f33305004495a9","hash":"f78e385eb3736ef2277dc0232dfd9233fa4ba621"}
,"/home/riyo/Documents/Final-Project/backend/middlewares/uploads/uploadFlow.js": {"path":"/home/riyo/Documents/Final-Project/backend/middlewares/uploads/uploadFlow.js","statementMap":{"0":{"start":{"line":1,"column":15},"end":{"line":1,"column":32}},"1":{"start":{"line":2,"column":13},"end":{"line":2,"column":28}},"2":{"start":{"line":4,"column":0},"end":{"line":50,"column":2}},"3":{"start":{"line":5,"column":2},"end":{"line":49,"column":3}},"4":{"start":{"line":6,"column":4},"end":{"line":41,"column":5}},"5":{"start":{"line":7,"column":19},"end":{"line":7,"column":38}},"6":{"start":{"line":10,"column":6},"end":{"line":12,"column":7}},"7":{"start":{"line":11,"column":8},"end":{"line":11,"column":73}},"8":{"start":{"line":15,"column":6},"end":{"line":19,"column":7}},"9":{"start":{"line":16,"column":8},"end":{"line":18,"column":64}},"10":{"start":{"line":22,"column":21},"end":{"line":22,"column":59}},"11":{"start":{"line":25,"column":6},"end":{"line":25,"column":60}},"12":{"start":{"line":28,"column":6},"end":{"line":28,"column":37}},"13":{"start":{"line":31,"column":6},"end":{"line":40,"column":9}},"14":{"start":{"line":32,"column":8},"end":{"line":39,"column":9}},"15":{"start":{"line":33,"column":10},"end":{"line":33,"column":29}},"16":{"start":{"line":35,"column":10},"end":{"line":38,"column":13}},"17":{"start":{"line":42,"column":4},"end":{"line":42,"column":11}},"18":{"start":{"line":44,"column":4},"end":{"line":44,"column":21}},"19":{"start":{"line":45,"column":4},"end":{"line":48,"column":7}},"20":{"start":{"line":52,"column":0},"end":{"line":98,"column":4}},"21":{"start":{"line":53,"column":4},"end":{"line":97,"column":5}},"22":{"start":{"line":54,"column":6},"end":{"line":89,"column":7}},"23":{"start":{"line":55,"column":21},"end":{"line":55,"column":43}},"24":{"start":{"line":58,"column":8},"end":{"line":60,"column":9}},"25":{"start":{"line":59,"column":10},"end":{"line":59,"column":76}},"26":{"start":{"line":63,"column":8},"end":{"line":67,"column":9}},"27":{"start":{"line":64,"column":10},"end":{"line":66,"column":61}},"28":{"start":{"line":70,"column":23},"end":{"line":70,"column":61}},"29":{"start":{"line":73,"column":8},"end":{"line":73,"column":62}},"30":{"start":{"line":76,"column":8},"end":{"line":76,"column":39}},"31":{"start":{"line":79,"column":8},"end":{"line":88,"column":11}},"32":{"start":{"line":80,"column":10},"end":{"line":87,"column":11}},"33":{"start":{"line":81,"column":12},"end":{"line":81,"column":31}},"34":{"start":{"line":83,"column":12},"end":{"line":86,"column":15}},"35":{"start":{"line":90,"column":6},"end":{"line":90,"column":13}},"36":{"start":{"line":92,"column":6},"end":{"line":92,"column":23}},"37":{"start":{"line":93,"column":6},"end":{"line":96,"column":9}}},"fnMap":{"0":{"name":"(anonymous_0)","decl":{"start":{"line":4,"column":20},"end":{"line":4,"column":21}},"loc":{"start":{"line":4,"column":40},"end":{"line":50,"column":1}},"line":4},"1":{"name":"(anonymous_1)","decl":{"start":{"line":31,"column":46},"end":{"line":31,"column":47}},"loc":{"start":{"line":31,"column":61},"end":{"line":40,"column":7}},"line":31},"2":{"name":"(anonymous_2)","decl":{"start":{"line":52,"column":21},"end":{"line":52,"column":22}},"loc":{"start":{"line":52,"column":41},"end":{"line":98,"column":3}},"line":52},"3":{"name":"(anonymous_3)","decl":{"start":{"line":79,"column":48},"end":{"line":79,"column":49}},"loc":{"start":{"line":79,"column":63},"end":{"line":88,"column":9}},"line":79}},"branchMap":{"0":{"loc":{"start":{"line":6,"column":4},"end":{"line":41,"column":5}},"type":"if","locations":[{"start":{"line":6,"column":4},"end":{"line":41,"column":5}},{"start":{"line":6,"column":4},"end":{"line":41,"column":5}}],"line":6},"1":{"loc":{"start":{"line":10,"column":6},"end":{"line":12,"column":7}},"type":"if","locations":[{"start":{"line":10,"column":6},"end":{"line":12,"column":7}},{"start":{"line":10,"column":6},"end":{"line":12,"column":7}}],"line":10},"2":{"loc":{"start":{"line":15,"column":6},"end":{"line":19,"column":7}},"type":"if","locations":[{"start":{"line":15,"column":6},"end":{"line":19,"column":7}},{"start":{"line":15,"column":6},"end":{"line":19,"column":7}}],"line":15},"3":{"loc":{"start":{"line":32,"column":8},"end":{"line":39,"column":9}},"type":"if","locations":[{"start":{"line":32,"column":8},"end":{"line":39,"column":9}},{"start":{"line":32,"column":8},"end":{"line":39,"column":9}}],"line":32},"4":{"loc":{"start":{"line":54,"column":6},"end":{"line":89,"column":7}},"type":"if","locations":[{"start":{"line":54,"column":6},"end":{"line":89,"column":7}},{"start":{"line":54,"column":6},"end":{"line":89,"column":7}}],"line":54},"5":{"loc":{"start":{"line":58,"column":8},"end":{"line":60,"column":9}},"type":"if","locations":[{"start":{"line":58,"column":8},"end":{"line":60,"column":9}},{"start":{"line":58,"column":8},"end":{"line":60,"column":9}}],"line":58},"6":{"loc":{"start":{"line":63,"column":8},"end":{"line":67,"column":9}},"type":"if","locations":[{"start":{"line":63,"column":8},"end":{"line":67,"column":9}},{"start":{"line":63,"column":8},"end":{"line":67,"column":9}}],"line":63},"7":{"loc":{"start":{"line":80,"column":10},"end":{"line":87,"column":11}},"type":"if","locations":[{"start":{"line":80,"column":10},"end":{"line":87,"column":11}},{"start":{"line":80,"column":10},"end":{"line":87,"column":11}}],"line":80}},"s":{"0":1,"1":1,"2":1,"3":0,"4":0,"5":0,"6":0,"7":0,"8":0,"9":0,"10":0,"11":0,"12":0,"13":0,"14":0,"15":0,"16":0,"17":0,"18":0,"19":0,"20":1,"21":0,"22":0,"23":0,"24":0,"25":0,"26":0,"27":0,"28":0,"29":0,"30":0,"31":0,"32":0,"33":0,"34":0,"35":0,"36":0,"37":0},"f":{"0":0,"1":0,"2":0,"3":0},"b":{"0":[0,0],"1":[0,0],"2":[0,0],"3":[0,0],"4":[0,0],"5":[0,0],"6":[0,0],"7":[0,0]},"_coverageSchema":"1a1c01bbd47fc00a2c39e90264f33305004495a9","hash":"e5280339da69df4e4c381ef34ec8ffa6b6e74129"}
,"/home/riyo/Documents/Final-Project/backend/middlewares/validators/authValidator.js": {"path":"/home/riyo/Documents/Final-Project/backend/middlewares/validators/authValidator.js","statementMap":{"0":{"start":{"line":1,"column":18},"end":{"line":1,"column":38}},"1":{"start":{"line":3,"column":0},"end":{"line":60,"column":2}},"2":{"start":{"line":4,"column":2},"end":{"line":59,"column":3}},"3":{"start":{"line":5,"column":17},"end":{"line":5,"column":19}},"4":{"start":{"line":7,"column":4},"end":{"line":9,"column":5}},"5":{"start":{"line":8,"column":6},"end":{"line":8,"column":49}},"6":{"start":{"line":11,"column":4},"end":{"line":13,"column":5}},"7":{"start":{"line":12,"column":6},"end":{"line":12,"column":49}},"8":{"start":{"line":16,"column":22},"end":{"line":16,"column":65}},"9":{"start":{"line":18,"column":4},"end":{"line":41,"column":5}},"10":{"start":{"line":19,"column":19},"end":{"line":27,"column":8}},"11":{"start":{"line":29,"column":6},"end":{"line":29,"column":33}},"12":{"start":{"line":31,"column":28},"end":{"line":31,"column":72}},"13":{"start":{"line":31,"column":52},"end":{"line":31,"column":71}},"14":{"start":{"line":32,"column":6},"end":{"line":40,"column":7}},"15":{"start":{"line":34,"column":8},"end":{"line":36,"column":11}},"16":{"start":{"line":35,"column":10},"end":{"line":35,"column":51}},"17":{"start":{"line":39,"column":8},"end":{"line":39,"column":58}},"18":{"start":{"line":43,"column":4},"end":{"line":45,"column":5}},"19":{"start":{"line":44,"column":6},"end":{"line":44,"column":68}},"20":{"start":{"line":47,"column":4},"end":{"line":51,"column":5}},"21":{"start":{"line":48,"column":6},"end":{"line":50,"column":9}},"22":{"start":{"line":53,"column":4},"end":{"line":53,"column":11}},"23":{"start":{"line":55,"column":4},"end":{"line":58,"column":7}}},"fnMap":{"0":{"name":"(anonymous_0)","decl":{"start":{"line":3,"column":17},"end":{"line":3,"column":18}},"loc":{"start":{"line":3,"column":43},"end":{"line":60,"column":1}},"line":3},"1":{"name":"(anonymous_1)","decl":{"start":{"line":31,"column":45},"end":{"line":31,"column":46}},"loc":{"start":{"line":31,"column":52},"end":{"line":31,"column":71}},"line":31},"2":{"name":"(anonymous_2)","decl":{"start":{"line":34,"column":30},"end":{"line":34,"column":31}},"loc":{"start":{"line":34,"column":37},"end":{"line":36,"column":9}},"line":34}},"branchMap":{"0":{"loc":{"start":{"line":7,"column":4},"end":{"line":9,"column":5}},"type":"if","locations":[{"start":{"line":7,"column":4},"end":{"line":9,"column":5}},{"start":{"line":7,"column":4},"end":{"line":9,"column":5}}],"line":7},"1":{"loc":{"start":{"line":11,"column":4},"end":{"line":13,"column":5}},"type":"if","locations":[{"start":{"line":11,"column":4},"end":{"line":13,"column":5}},{"start":{"line":11,"column":4},"end":{"line":13,"column":5}}],"line":11},"2":{"loc":{"start":{"line":18,"column":4},"end":{"line":41,"column":5}},"type":"if","locations":[{"start":{"line":18,"column":4},"end":{"line":41,"column":5}},{"start":{"line":18,"column":4},"end":{"line":41,"column":5}}],"line":18},"3":{"loc":{"start":{"line":32,"column":6},"end":{"line":40,"column":7}},"type":"if","locations":[{"start":{"line":32,"column":6},"end":{"line":40,"column":7}},{"start":{"line":32,"column":6},"end":{"line":40,"column":7}}],"line":32},"4":{"loc":{"start":{"line":43,"column":4},"end":{"line":45,"column":5}},"type":"if","locations":[{"start":{"line":43,"column":4},"end":{"line":45,"column":5}},{"start":{"line":43,"column":4},"end":{"line":45,"column":5}}],"line":43},"5":{"loc":{"start":{"line":47,"column":4},"end":{"line":51,"column":5}},"type":"if","locations":[{"start":{"line":47,"column":4},"end":{"line":51,"column":5}},{"start":{"line":47,"column":4},"end":{"line":51,"column":5}}],"line":47}},"s":{"0":1,"1":1,"2":1,"3":1,"4":1,"5":0,"6":1,"7":0,"8":1,"9":1,"10":0,"11":0,"12":0,"13":0,"14":0,"15":0,"16":0,"17":0,"18":1,"19":0,"20":1,"21":0,"22":1,"23":0},"f":{"0":1,"1":0,"2":0},"b":{"0":[0,1],"1":[0,1],"2":[0,1],"3":[0,0],"4":[0,1],"5":[0,1]},"_coverageSchema":"1a1c01bbd47fc00a2c39e90264f33305004495a9","hash":"df85a5ca23fc1ddcf509e51c99ec35e43ef81ea9"}
,"/home/riyo/Documents/Final-Project/backend/models/blog.js": {"path":"/home/riyo/Documents/Final-Project/backend/models/blog.js","statementMap":{"0":{"start":{"line":2,"column":18},"end":{"line":2,"column":38}},"1":{"start":{"line":3,"column":0},"end":{"line":30,"column":2}},"2":{"start":{"line":14,"column":2},"end":{"line":28,"column":4}},"3":{"start":{"line":29,"column":2},"end":{"line":29,"column":14}}},"fnMap":{"0":{"name":"(anonymous_0)","decl":{"start":{"line":3,"column":17},"end":{"line":3,"column":18}},"loc":{"start":{"line":3,"column":43},"end":{"line":30,"column":1}},"line":3},"1":{"name":"(anonymous_1)","decl":{"start":{"line":10,"column":4},"end":{"line":10,"column":5}},"loc":{"start":{"line":10,"column":29},"end":{"line":12,"column":5}},"line":10}},"branchMap":{},"s":{"0":1,"1":1,"2":1,"3":1},"f":{"0":1,"1":1},"b":{},"_coverageSchema":"1a1c01bbd47fc00a2c39e90264f33305004495a9","hash":"6f44488fb39a8501c61068dbb0e2244486876a61"}
,"/home/riyo/Documents/Final-Project/backend/models/category.js": {"path":"/home/riyo/Documents/Final-Project/backend/models/category.js","statementMap":{"0":{"start":{"line":2,"column":18},"end":{"line":2,"column":38}},"1":{"start":{"line":3,"column":0},"end":{"line":28,"column":2}},"2":{"start":{"line":14,"column":2},"end":{"line":26,"column":4}},"3":{"start":{"line":27,"column":2},"end":{"line":27,"column":18}}},"fnMap":{"0":{"name":"(anonymous_0)","decl":{"start":{"line":3,"column":17},"end":{"line":3,"column":18}},"loc":{"start":{"line":3,"column":43},"end":{"line":28,"column":1}},"line":3},"1":{"name":"(anonymous_1)","decl":{"start":{"line":10,"column":4},"end":{"line":10,"column":5}},"loc":{"start":{"line":10,"column":29},"end":{"line":12,"column":5}},"line":10}},"branchMap":{},"s":{"0":1,"1":1,"2":1,"3":1},"f":{"0":1,"1":1},"b":{},"_coverageSchema":"1a1c01bbd47fc00a2c39e90264f33305004495a9","hash":"234a8a1388649b968acbea163348a2af2d74d64e"}
,"/home/riyo/Documents/Final-Project/backend/models/index.js": {"path":"/home/riyo/Documents/Final-Project/backend/models/index.js","statementMap":{"0":{"start":{"line":3,"column":11},"end":{"line":3,"column":24}},"1":{"start":{"line":4,"column":13},"end":{"line":4,"column":28}},"2":{"start":{"line":5,"column":18},"end":{"line":5,"column":38}},"3":{"start":{"line":6,"column":17},"end":{"line":6,"column":42}},"4":{"start":{"line":7,"column":12},"end":{"line":7,"column":49}},"5":{"start":{"line":8,"column":15},"end":{"line":8,"column":63}},"6":{"start":{"line":9,"column":11},"end":{"line":9,"column":13}},"7":{"start":{"line":12,"column":0},"end":{"line":16,"column":1}},"8":{"start":{"line":13,"column":2},"end":{"line":13,"column":74}},"9":{"start":{"line":15,"column":2},"end":{"line":15,"column":87}},"10":{"start":{"line":18,"column":0},"end":{"line":26,"column":5}},"11":{"start":{"line":21,"column":4},"end":{"line":21,"column":90}},"12":{"start":{"line":24,"column":18},"end":{"line":24,"column":85}},"13":{"start":{"line":25,"column":4},"end":{"line":25,"column":27}},"14":{"start":{"line":28,"column":0},"end":{"line":32,"column":3}},"15":{"start":{"line":29,"column":2},"end":{"line":31,"column":3}},"16":{"start":{"line":30,"column":4},"end":{"line":30,"column":32}},"17":{"start":{"line":34,"column":0},"end":{"line":34,"column":25}},"18":{"start":{"line":35,"column":0},"end":{"line":35,"column":25}},"19":{"start":{"line":37,"column":0},"end":{"line":37,"column":20}}},"fnMap":{"0":{"name":"(anonymous_0)","decl":{"start":{"line":20,"column":10},"end":{"line":20,"column":11}},"loc":{"start":{"line":20,"column":18},"end":{"line":22,"column":3}},"line":20},"1":{"name":"(anonymous_1)","decl":{"start":{"line":23,"column":11},"end":{"line":23,"column":12}},"loc":{"start":{"line":23,"column":19},"end":{"line":26,"column":3}},"line":23},"2":{"name":"(anonymous_2)","decl":{"start":{"line":28,"column":24},"end":{"line":28,"column":25}},"loc":{"start":{"line":28,"column":37},"end":{"line":32,"column":1}},"line":28}},"branchMap":{"0":{"loc":{"start":{"line":7,"column":12},"end":{"line":7,"column":49}},"type":"binary-expr","locations":[{"start":{"line":7,"column":12},"end":{"line":7,"column":32}},{"start":{"line":7,"column":36},"end":{"line":7,"column":49}}],"line":7},"1":{"loc":{"start":{"line":12,"column":0},"end":{"line":16,"column":1}},"type":"if","locations":[{"start":{"line":12,"column":0},"end":{"line":16,"column":1}},{"start":{"line":12,"column":0},"end":{"line":16,"column":1}}],"line":12},"2":{"loc":{"start":{"line":21,"column":11},"end":{"line":21,"column":89}},"type":"binary-expr","locations":[{"start":{"line":21,"column":12},"end":{"line":21,"column":35}},{"start":{"line":21,"column":41},"end":{"line":21,"column":58}},{"start":{"line":21,"column":64},"end":{"line":21,"column":88}}],"line":21},"3":{"loc":{"start":{"line":29,"column":2},"end":{"line":31,"column":3}},"type":"if","locations":[{"start":{"line":29,"column":2},"end":{"line":31,"column":3}},{"start":{"line":29,"column":2},"end":{"line":31,"column":3}}],"line":29}},"s":{"0":1,"1":1,"2":1,"3":1,"4":1,"5":1,"6":1,"7":1,"8":0,"9":1,"10":1,"11":7,"12":6,"13":6,"14":1,"15":6,"16":6,"17":1,"18":1,"19":1},"f":{"0":7,"1":6,"2":6},"b":{"0":[1,0],"1":[0,1],"2":[7,7,6],"3":[6,0]},"_coverageSchema":"1a1c01bbd47fc00a2c39e90264f33305004495a9","hash":"889101e2163b43e27f17127e60a150e99b1875db"}
,"/home/riyo/Documents/Final-Project/backend/models/partner.js": {"path":"/home/riyo/Documents/Final-Project/backend/models/partner.js","statementMap":{"0":{"start":{"line":2,"column":18},"end":{"line":2,"column":38}},"1":{"start":{"line":3,"column":15},"end":{"line":3,"column":32}},"2":{"start":{"line":5,"column":0},"end":{"line":65,"column":2}},"3":{"start":{"line":16,"column":2},"end":{"line":63,"column":4}},"4":{"start":{"line":29,"column":27},"end":{"line":29,"column":57}},"5":{"start":{"line":30,"column":10},"end":{"line":30,"column":39}},"6":{"start":{"line":39,"column":23},"end":{"line":39,"column":56}},"7":{"start":{"line":40,"column":10},"end":{"line":40,"column":35}},"8":{"start":{"line":50,"column":34},"end":{"line":50,"column":58}},"9":{"start":{"line":51,"column":10},"end":{"line":51,"column":57}},"10":{"start":{"line":64,"column":2},"end":{"line":64,"column":17}}},"fnMap":{"0":{"name":"(anonymous_0)","decl":{"start":{"line":5,"column":17},"end":{"line":5,"column":18}},"loc":{"start":{"line":5,"column":43},"end":{"line":65,"column":1}},"line":5},"1":{"name":"(anonymous_1)","decl":{"start":{"line":12,"column":4},"end":{"line":12,"column":5}},"loc":{"start":{"line":12,"column":29},"end":{"line":14,"column":5}},"line":12},"2":{"name":"(anonymous_2)","decl":{"start":{"line":28,"column":8},"end":{"line":28,"column":9}},"loc":{"start":{"line":28,"column":14},"end":{"line":31,"column":9}},"line":28},"3":{"name":"(anonymous_3)","decl":{"start":{"line":38,"column":8},"end":{"line":38,"column":9}},"loc":{"start":{"line":38,"column":14},"end":{"line":41,"column":9}},"line":38},"4":{"name":"(anonymous_4)","decl":{"start":{"line":48,"column":8},"end":{"line":48,"column":9}},"loc":{"start":{"line":48,"column":17},"end":{"line":52,"column":9}},"line":48}},"branchMap":{},"s":{"0":1,"1":1,"2":1,"3":1,"4":0,"5":0,"6":0,"7":0,"8":0,"9":0,"10":1},"f":{"0":1,"1":1,"2":0,"3":0,"4":0},"b":{},"_coverageSchema":"1a1c01bbd47fc00a2c39e90264f33305004495a9","hash":"0f176ffcc12e10ebf52fae871fe2b79c56f32cba"}
,"/home/riyo/Documents/Final-Project/backend/models/review.js": {"path":"/home/riyo/Documents/Final-Project/backend/models/review.js","statementMap":{"0":{"start":{"line":2,"column":18},"end":{"line":2,"column":38}},"1":{"start":{"line":3,"column":0},"end":{"line":29,"column":2}},"2":{"start":{"line":14,"column":2},"end":{"line":27,"column":4}},"3":{"start":{"line":28,"column":2},"end":{"line":28,"column":16}}},"fnMap":{"0":{"name":"(anonymous_0)","decl":{"start":{"line":3,"column":17},"end":{"line":3,"column":18}},"loc":{"start":{"line":3,"column":43},"end":{"line":29,"column":1}},"line":3},"1":{"name":"(anonymous_1)","decl":{"start":{"line":10,"column":4},"end":{"line":10,"column":5}},"loc":{"start":{"line":10,"column":29},"end":{"line":12,"column":5}},"line":10}},"branchMap":{},"s":{"0":1,"1":1,"2":1,"3":1},"f":{"0":1,"1":1},"b":{},"_coverageSchema":"1a1c01bbd47fc00a2c39e90264f33305004495a9","hash":"e03242f5cf75874150b6d1b34bfb6deae2e833f7"}
,"/home/riyo/Documents/Final-Project/backend/models/transaction.js": {"path":"/home/riyo/Documents/Final-Project/backend/models/transaction.js","statementMap":{"0":{"start":{"line":2,"column":18},"end":{"line":2,"column":38}},"1":{"start":{"line":3,"column":0},"end":{"line":34,"column":2}},"2":{"start":{"line":14,"column":2},"end":{"line":32,"column":4}},"3":{"start":{"line":33,"column":2},"end":{"line":33,"column":21}}},"fnMap":{"0":{"name":"(anonymous_0)","decl":{"start":{"line":3,"column":17},"end":{"line":3,"column":18}},"loc":{"start":{"line":3,"column":43},"end":{"line":34,"column":1}},"line":3},"1":{"name":"(anonymous_1)","decl":{"start":{"line":10,"column":4},"end":{"line":10,"column":5}},"loc":{"start":{"line":10,"column":29},"end":{"line":12,"column":5}},"line":10}},"branchMap":{},"s":{"0":1,"1":1,"2":1,"3":1},"f":{"0":1,"1":1},"b":{},"_coverageSchema":"1a1c01bbd47fc00a2c39e90264f33305004495a9","hash":"76a30c66defecb9530442b18d5a449012f2560ba"}
,"/home/riyo/Documents/Final-Project/backend/models/user.js": {"path":"/home/riyo/Documents/Final-Project/backend/models/user.js","statementMap":{"0":{"start":{"line":2,"column":18},"end":{"line":2,"column":38}},"1":{"start":{"line":3,"column":15},"end":{"line":3,"column":32}},"2":{"start":{"line":5,"column":0},"end":{"line":43,"column":2}},"3":{"start":{"line":16,"column":2},"end":{"line":41,"column":4}},"4":{"start":{"line":26,"column":34},"end":{"line":26,"column":58}},"5":{"start":{"line":27,"column":10},"end":{"line":27,"column":57}},"6":{"start":{"line":42,"column":2},"end":{"line":42,"column":14}}},"fnMap":{"0":{"name":"(anonymous_0)","decl":{"start":{"line":5,"column":17},"end":{"line":5,"column":18}},"loc":{"start":{"line":5,"column":43},"end":{"line":43,"column":1}},"line":5},"1":{"name":"(anonymous_1)","decl":{"start":{"line":12,"column":4},"end":{"line":12,"column":5}},"loc":{"start":{"line":12,"column":29},"end":{"line":14,"column":5}},"line":12},"2":{"name":"(anonymous_2)","decl":{"start":{"line":24,"column":8},"end":{"line":24,"column":9}},"loc":{"start":{"line":24,"column":17},"end":{"line":28,"column":9}},"line":24}},"branchMap":{},"s":{"0":1,"1":1,"2":1,"3":1,"4":1,"5":1,"6":1},"f":{"0":1,"1":1,"2":1},"b":{},"_coverageSchema":"1a1c01bbd47fc00a2c39e90264f33305004495a9","hash":"ef7ad74474eb99668b258719c05ea991db5bc08f"}
,"/home/riyo/Documents/Final-Project/backend/routes/authRoutes.js": {"path":"/home/riyo/Documents/Final-Project/backend/routes/authRoutes.js","statementMap":{"0":{"start":{"line":1,"column":16},"end":{"line":1,"column":34}},"1":{"start":{"line":2,"column":17},"end":{"line":2,"column":36}},"2":{"start":{"line":4,"column":22},"end":{"line":4,"column":72}},"3":{"start":{"line":5,"column":23},"end":{"line":5,"column":63}},"4":{"start":{"line":6,"column":15},"end":{"line":6,"column":59}},"5":{"start":{"line":8,"column":13},"end":{"line":8,"column":49}},"6":{"start":{"line":9,"column":15},"end":{"line":9,"column":31}},"7":{"start":{"line":11,"column":0},"end":{"line":18,"column":2}},"8":{"start":{"line":20,"column":0},"end":{"line":24,"column":2}},"9":{"start":{"line":25,"column":0},"end":{"line":30,"column":2}},"10":{"start":{"line":31,"column":0},"end":{"line":31,"column":61}},"11":{"start":{"line":33,"column":0},"end":{"line":33,"column":24}}},"fnMap":{},"branchMap":{},"s":{"0":1,"1":1,"2":1,"3":1,"4":1,"5":1,"6":1,"7":1,"8":1,"9":1,"10":1,"11":1},"f":{},"b":{},"_coverageSchema":"1a1c01bbd47fc00a2c39e90264f33305004495a9","hash":"ffa6118c783b870a919b961667c454ae636bab1c"}
,"/home/riyo/Documents/Final-Project/backend/routes/categoryRoute.js": {"path":"/home/riyo/Documents/Final-Project/backend/routes/categoryRoute.js","statementMap":{"0":{"start":{"line":1,"column":16},"end":{"line":1,"column":34}},"1":{"start":{"line":2,"column":15},"end":{"line":2,"column":31}},"2":{"start":{"line":5,"column":27},"end":{"line":5,"column":71}},"3":{"start":{"line":7,"column":0},"end":{"line":7,"column":43}},"4":{"start":{"line":8,"column":0},"end":{"line":8,"column":46}},"5":{"start":{"line":10,"column":0},"end":{"line":10,"column":24}}},"fnMap":{},"branchMap":{},"s":{"0":1,"1":1,"2":1,"3":1,"4":1,"5":1},"f":{},"b":{},"_coverageSchema":"1a1c01bbd47fc00a2c39e90264f33305004495a9","hash":"763fd4f2298cfe215f51019d74f3f6657e7ff4ef"}
,"/home/riyo/Documents/Final-Project/backend/routes/partnerRoutes.js": {"path":"/home/riyo/Documents/Final-Project/backend/routes/partnerRoutes.js","statementMap":{"0":{"start":{"line":1,"column":16},"end":{"line":1,"column":34}},"1":{"start":{"line":2,"column":15},"end":{"line":2,"column":31}},"2":{"start":{"line":4,"column":13},"end":{"line":4,"column":43}},"3":{"start":{"line":5,"column":22},"end":{"line":5,"column":72}},"4":{"start":{"line":9,"column":26},"end":{"line":9,"column":69}},"5":{"start":{"line":11,"column":0},"end":{"line":11,"column":52}},"6":{"start":{"line":12,"column":0},"end":{"line":12,"column":72}},"7":{"start":{"line":14,"column":0},"end":{"line":14,"column":24}}},"fnMap":{},"branchMap":{},"s":{"0":1,"1":1,"2":1,"3":1,"4":1,"5":1,"6":1,"7":1},"f":{},"b":{},"_coverageSchema":"1a1c01bbd47fc00a2c39e90264f33305004495a9","hash":"5c4a3b6423989fdae16280665192e7bb31003872"}
,"/home/riyo/Documents/Final-Project/backend/routes/userRoutes.js": {"path":"/home/riyo/Documents/Final-Project/backend/routes/userRoutes.js","statementMap":{"0":{"start":{"line":1,"column":16},"end":{"line":1,"column":34}},"1":{"start":{"line":2,"column":15},"end":{"line":2,"column":31}},"2":{"start":{"line":4,"column":13},"end":{"line":4,"column":43}},"3":{"start":{"line":5,"column":22},"end":{"line":5,"column":72}},"4":{"start":{"line":9,"column":23},"end":{"line":9,"column":63}},"5":{"start":{"line":10,"column":0},"end":{"line":10,"column":60}},"6":{"start":{"line":11,"column":0},"end":{"line":11,"column":60}},"7":{"start":{"line":12,"column":0},"end":{"line":12,"column":56}},"8":{"start":{"line":14,"column":0},"end":{"line":14,"column":24}}},"fnMap":{},"branchMap":{},"s":{"0":1,"1":1,"2":1,"3":1,"4":1,"5":1,"6":1,"7":1,"8":1},"f":{},"b":{},"_coverageSchema":"1a1c01bbd47fc00a2c39e90264f33305004495a9","hash":"83723fc1c9a2984670afca1d176701f9783299ef"}
,"/home/riyo/Documents/Final-Project/backend/utils/associations.js": {"path":"/home/riyo/Documents/Final-Project/backend/utils/associations.js","statementMap":{"0":{"start":{"line":8,"column":4},"end":{"line":8,"column":24}},"1":{"start":{"line":11,"column":0},"end":{"line":11,"column":53}},"2":{"start":{"line":12,"column":0},"end":{"line":12,"column":55}},"3":{"start":{"line":15,"column":0},"end":{"line":15,"column":59}},"4":{"start":{"line":16,"column":0},"end":{"line":16,"column":61}},"5":{"start":{"line":19,"column":0},"end":{"line":19,"column":46}},"6":{"start":{"line":20,"column":0},"end":{"line":20,"column":48}},"7":{"start":{"line":23,"column":0},"end":{"line":23,"column":57}},"8":{"start":{"line":24,"column":0},"end":{"line":24,"column":59}},"9":{"start":{"line":28,"column":0},"end":{"line":28,"column":61}},"10":{"start":{"line":29,"column":0},"end":{"line":29,"column":64}}},"fnMap":{},"branchMap":{},"s":{"0":1,"1":1,"2":1,"3":1,"4":1,"5":1,"6":1,"7":1,"8":1,"9":1,"10":1},"f":{},"b":{},"_coverageSchema":"1a1c01bbd47fc00a2c39e90264f33305004495a9","hash":"1f546f81e22145b8bf11def0782b2b88c94ae5bd"}
}
