TN:
SF:index.js
FN:92,(anonymous_0)
FNF:1
FNH:0
FNDA:0,(anonymous_0)
DA:1,1
DA:5,1
DA:6,1
DA:7,1
DA:8,1
DA:11,1
DA:12,1
DA:13,1
DA:14,1
DA:15,1
DA:16,1
DA:18,1
DA:21,1
DA:22,1
DA:23,1
DA:25,1
DA:28,1
DA:29,1
DA:30,1
DA:36,1
DA:42,1
DA:45,1
DA:50,1
DA:53,1
DA:55,1
DA:62,1
DA:64,1
DA:65,0
DA:68,1
DA:76,1
DA:79,1
DA:82,1
DA:85,1
DA:86,1
DA:87,1
DA:88,1
DA:91,1
DA:92,0
DA:95,1
LF:39
LH:37
BRDA:64,0,0,0
BRDA:64,0,1,1
BRDA:91,1,0,0
BRDA:91,1,1,1
BRF:4
BRH:2
end_of_record
TN:
SF:config/config.js
FNF:0
FNH:0
DA:1,1
DA:5,1
LF:2
LH:2
BRF:0
BRH:0
end_of_record
TN:
SF:controllers/authController.js
FN:4,(anonymous_0)
FN:28,(anonymous_1)
FNF:2
FNH:1
FNDA:1,(anonymous_0)
FNDA:0,(anonymous_1)
DA:1,1
DA:5,1
DA:6,1
DA:12,1
DA:16,1
DA:21,0
DA:29,0
DA:30,0
DA:36,0
DA:40,0
DA:45,0
DA:53,1
LF:12
LH:6
BRF:0
BRH:0
end_of_record
TN:
SF:controllers/categoryController.js
FN:5,(anonymous_0)
FN:28,(anonymous_1)
FNF:2
FNH:0
FNDA:0,(anonymous_0)
FNDA:0,(anonymous_1)
DA:1,1
DA:6,0
DA:7,0
DA:9,0
DA:10,0
DA:14,0
DA:19,0
DA:20,0
DA:29,0
DA:30,0
DA:34,0
DA:35,0
DA:39,0
DA:44,0
DA:51,1
LF:15
LH:2
BRDA:9,0,0,0
BRDA:9,0,1,0
BRDA:34,1,0,0
BRDA:34,1,1,0
BRF:4
BRH:0
end_of_record
TN:
SF:controllers/partnerController.js
FN:5,(anonymous_0)
FN:19,(anonymous_1)
FN:33,(anonymous_2)
FN:43,(anonymous_3)
FNF:4
FNH:0
FNDA:0,(anonymous_0)
FNDA:0,(anonymous_1)
FNDA:0,(anonymous_2)
FNDA:0,(anonymous_3)
DA:1,1
DA:6,0
DA:21,0
DA:22,0
DA:28,0
DA:35,0
DA:44,0
DA:48,0
DA:50,0
DA:57,0
DA:63,0
DA:69,0
DA:77,1
LF:13
LH:2
BRDA:21,0,0,0
BRDA:21,0,1,0
BRF:2
BRH:0
end_of_record
TN:
SF:controllers/userController.js
FN:6,(anonymous_0)
FN:12,(anonymous_1)
FN:25,(anonymous_2)
FN:35,(anonymous_3)
FN:62,(anonymous_4)
FNF:5
FNH:0
FNDA:0,(anonymous_0)
FNDA:0,(anonymous_1)
FNDA:0,(anonymous_2)
FNDA:0,(anonymous_3)
FNDA:0,(anonymous_4)
DA:1,1
DA:2,1
DA:7,0
DA:13,0
DA:14,0
DA:20,0
DA:27,0
DA:36,0
DA:39,0
DA:47,0
DA:56,0
DA:58,0
DA:63,0
DA:69,0
DA:70,0
DA:77,0
DA:83,0
DA:89,0
DA:97,1
LF:19
LH:3
BRDA:13,0,0,0
BRDA:13,0,1,0
BRF:2
BRH:0
end_of_record
TN:
SF:middlewares/auth/index.js
FN:8,(anonymous_0)
FN:9,(anonymous_1)
FN:37,(anonymous_2)
FN:60,(anonymous_3)
FN:61,(anonymous_4)
FN:89,(anonymous_5)
FN:121,(anonymous_6)
FN:125,(anonymous_7)
FN:154,(anonymous_8)
FN:171,(anonymous_9)
FN:175,(anonymous_10)
FN:204,(anonymous_11)
FN:236,(anonymous_12)
FN:237,(anonymous_13)
FN:264,(anonymous_14)
FN:289,(anonymous_15)
FN:291,(anonymous_16)
FN:324,(anonymous_17)
FN:346,(anonymous_18)
FN:348,(anonymous_19)
FN:381,(anonymous_20)
FNF:21
FNH:3
FNDA:1,(anonymous_0)
FNDA:1,(anonymous_1)
FNDA:1,(anonymous_2)
FNDA:0,(anonymous_3)
FNDA:0,(anonymous_4)
FNDA:0,(anonymous_5)
FNDA:0,(anonymous_6)
FNDA:0,(anonymous_7)
FNDA:0,(anonymous_8)
FNDA:0,(anonymous_9)
FNDA:0,(anonymous_10)
FNDA:0,(anonymous_11)
FNDA:0,(anonymous_12)
FNDA:0,(anonymous_13)
FNDA:0,(anonymous_14)
FNDA:0,(anonymous_15)
FNDA:0,(anonymous_16)
FNDA:0,(anonymous_17)
FNDA:0,(anonymous_18)
FNDA:0,(anonymous_19)
FNDA:0,(anonymous_20)
DA:1,1
DA:2,1
DA:3,1
DA:4,1
DA:5,1
DA:6,1
DA:8,1
DA:9,1
DA:10,1
DA:11,0
DA:17,1
DA:18,0
DA:23,1
DA:25,1
DA:29,1
DA:38,1
DA:39,1
DA:40,1
DA:41,0
DA:45,1
DA:47,1
DA:52,0
DA:60,1
DA:61,0
DA:62,0
DA:63,0
DA:69,0
DA:70,0
DA:75,0
DA:77,0
DA:81,1
DA:90,0
DA:91,0
DA:95,0
DA:96,0
DA:101,0
DA:103,0
DA:104,0
DA:109,0
DA:113,0
DA:121,1
DA:122,0
DA:126,0
DA:127,0
DA:133,0
DA:134,0
DA:139,0
DA:141,0
DA:146,1
DA:155,0
DA:156,0
DA:158,0
DA:162,0
DA:163,0
DA:171,1
DA:172,0
DA:176,0
DA:177,0
DA:183,0
DA:184,0
DA:189,0
DA:191,0
DA:196,1
DA:205,0
DA:206,0
DA:210,0
DA:211,0
DA:216,0
DA:218,0
DA:219,0
DA:224,0
DA:228,0
DA:236,1
DA:237,0
DA:238,0
DA:239,0
DA:245,0
DA:246,0
DA:251,0
DA:253,0
DA:257,1
DA:265,0
DA:266,0
DA:270,0
DA:274,0
DA:277,0
DA:281,0
DA:289,1
DA:291,0
DA:293,0
DA:294,0
DA:301,0
DA:302,0
DA:308,0
DA:311,0
DA:315,1
DA:325,0
DA:326,0
DA:327,0
DA:329,0
DA:330,0
DA:333,0
DA:338,0
DA:346,1
DA:348,0
DA:350,0
DA:351,0
DA:358,0
DA:359,0
DA:365,0
DA:368,0
DA:372,1
DA:382,0
DA:383,0
DA:384,0
DA:388,0
DA:392,0
DA:395,0
DA:400,0
LF:119
LH:30
BRDA:10,0,0,0
BRDA:10,0,1,1
BRDA:17,1,0,0
BRDA:17,1,1,1
BRDA:40,2,0,0
BRDA:40,2,1,1
BRDA:62,3,0,0
BRDA:62,3,1,0
BRDA:69,4,0,0
BRDA:69,4,1,0
BRDA:95,5,0,0
BRDA:95,5,1,0
BRDA:103,6,0,0
BRDA:103,6,1,0
BRDA:126,7,0,0
BRDA:126,7,1,0
BRDA:133,8,0,0
BRDA:133,8,1,0
BRDA:176,9,0,0
BRDA:176,9,1,0
BRDA:183,10,0,0
BRDA:183,10,1,0
BRDA:210,11,0,0
BRDA:210,11,1,0
BRDA:218,12,0,0
BRDA:218,12,1,0
BRDA:238,13,0,0
BRDA:238,13,1,0
BRDA:245,14,0,0
BRDA:245,14,1,0
BRDA:270,15,0,0
BRDA:270,15,1,0
BRDA:271,16,0,0
BRDA:271,16,1,0
BRDA:293,17,0,0
BRDA:293,17,1,0
BRDA:301,18,0,0
BRDA:301,18,1,0
BRDA:329,19,0,0
BRDA:329,19,1,0
BRDA:350,20,0,0
BRDA:350,20,1,0
BRDA:358,21,0,0
BRDA:358,21,1,0
BRDA:388,22,0,0
BRDA:388,22,1,0
BRDA:389,23,0,0
BRDA:389,23,1,0
BRF:48
BRH:3
end_of_record
TN:
SF:middlewares/uploads/uploadFlow.js
FN:4,(anonymous_0)
FN:31,(anonymous_1)
FN:52,(anonymous_2)
FN:79,(anonymous_3)
FNF:4
FNH:0
FNDA:0,(anonymous_0)
FNDA:0,(anonymous_1)
FNDA:0,(anonymous_2)
FNDA:0,(anonymous_3)
DA:1,1
DA:2,1
DA:4,1
DA:5,0
DA:6,0
DA:7,0
DA:10,0
DA:11,0
DA:15,0
DA:16,0
DA:22,0
DA:25,0
DA:28,0
DA:31,0
DA:32,0
DA:33,0
DA:35,0
DA:42,0
DA:44,0
DA:45,0
DA:52,1
DA:53,0
DA:54,0
DA:55,0
DA:58,0
DA:59,0
DA:63,0
DA:64,0
DA:70,0
DA:73,0
DA:76,0
DA:79,0
DA:80,0
DA:81,0
DA:83,0
DA:90,0
DA:92,0
DA:93,0
LF:38
LH:4
BRDA:6,0,0,0
BRDA:6,0,1,0
BRDA:10,1,0,0
BRDA:10,1,1,0
BRDA:15,2,0,0
BRDA:15,2,1,0
BRDA:32,3,0,0
BRDA:32,3,1,0
BRDA:54,4,0,0
BRDA:54,4,1,0
BRDA:58,5,0,0
BRDA:58,5,1,0
BRDA:63,6,0,0
BRDA:63,6,1,0
BRDA:80,7,0,0
BRDA:80,7,1,0
BRF:16
BRH:0
end_of_record
TN:
SF:middlewares/validators/authValidator.js
FN:3,(anonymous_0)
FN:31,(anonymous_1)
FN:34,(anonymous_2)
FNF:3
FNH:1
FNDA:1,(anonymous_0)
FNDA:0,(anonymous_1)
FNDA:0,(anonymous_2)
DA:1,1
DA:3,1
DA:4,1
DA:5,1
DA:7,1
DA:8,0
DA:11,1
DA:12,0
DA:16,1
DA:18,1
DA:19,0
DA:29,0
DA:31,0
DA:32,0
DA:34,0
DA:35,0
DA:39,0
DA:43,1
DA:44,0
DA:47,1
DA:48,0
DA:53,1
DA:55,0
LF:23
LH:11
BRDA:7,0,0,0
BRDA:7,0,1,1
BRDA:11,1,0,0
BRDA:11,1,1,1
BRDA:18,2,0,0
BRDA:18,2,1,1
BRDA:32,3,0,0
BRDA:32,3,1,0
BRDA:43,4,0,0
BRDA:43,4,1,1
BRDA:47,5,0,0
BRDA:47,5,1,1
BRF:12
BRH:5
end_of_record
TN:
SF:models/blog.js
FN:3,(anonymous_0)
FN:10,(anonymous_1)
FNF:2
FNH:2
FNDA:1,(anonymous_0)
FNDA:1,(anonymous_1)
DA:2,1
DA:3,1
DA:14,1
DA:29,1
LF:4
LH:4
BRF:0
BRH:0
end_of_record
TN:
SF:models/category.js
FN:3,(anonymous_0)
FN:10,(anonymous_1)
FNF:2
FNH:2
FNDA:1,(anonymous_0)
FNDA:1,(anonymous_1)
DA:2,1
DA:3,1
DA:14,1
DA:27,1
LF:4
LH:4
BRF:0
BRH:0
end_of_record
TN:
SF:models/index.js
FN:20,(anonymous_0)
FN:23,(anonymous_1)
FN:28,(anonymous_2)
FNF:3
FNH:3
FNDA:7,(anonymous_0)
FNDA:6,(anonymous_1)
FNDA:6,(anonymous_2)
DA:3,1
DA:4,1
DA:5,1
DA:6,1
DA:7,1
DA:8,1
DA:9,1
DA:12,1
DA:13,0
DA:15,1
DA:18,1
DA:21,7
DA:24,6
DA:25,6
DA:28,1
DA:29,6
DA:30,6
DA:34,1
DA:35,1
DA:37,1
LF:20
LH:19
BRDA:7,0,0,1
BRDA:7,0,1,0
BRDA:12,1,0,0
BRDA:12,1,1,1
BRDA:21,2,0,7
BRDA:21,2,1,7
BRDA:21,2,2,6
BRDA:29,3,0,6
BRDA:29,3,1,0
BRF:9
BRH:6
end_of_record
TN:
SF:models/partner.js
FN:5,(anonymous_0)
FN:12,(anonymous_1)
FN:28,(anonymous_2)
FN:38,(anonymous_3)
FN:48,(anonymous_4)
FNF:5
FNH:2
FNDA:1,(anonymous_0)
FNDA:1,(anonymous_1)
FNDA:0,(anonymous_2)
FNDA:0,(anonymous_3)
FNDA:0,(anonymous_4)
DA:2,1
DA:3,1
DA:5,1
DA:16,1
DA:29,0
DA:30,0
DA:39,0
DA:40,0
DA:50,0
DA:51,0
DA:64,1
LF:11
LH:5
BRF:0
BRH:0
end_of_record
TN:
SF:models/review.js
FN:3,(anonymous_0)
FN:10,(anonymous_1)
FNF:2
FNH:2
FNDA:1,(anonymous_0)
FNDA:1,(anonymous_1)
DA:2,1
DA:3,1
DA:14,1
DA:28,1
LF:4
LH:4
BRF:0
BRH:0
end_of_record
TN:
SF:models/transaction.js
FN:3,(anonymous_0)
FN:10,(anonymous_1)
FNF:2
FNH:2
FNDA:1,(anonymous_0)
FNDA:1,(anonymous_1)
DA:2,1
DA:3,1
DA:14,1
DA:33,1
LF:4
LH:4
BRF:0
BRH:0
end_of_record
TN:
SF:models/user.js
FN:5,(anonymous_0)
FN:12,(anonymous_1)
FN:24,(anonymous_2)
FNF:3
FNH:3
FNDA:1,(anonymous_0)
FNDA:1,(anonymous_1)
FNDA:1,(anonymous_2)
DA:2,1
DA:3,1
DA:5,1
DA:16,1
DA:26,1
DA:27,1
DA:42,1
LF:7
LH:7
BRF:0
BRH:0
end_of_record
TN:
SF:routes/authRoutes.js
FNF:0
FNH:0
DA:1,1
DA:2,1
DA:4,1
DA:5,1
DA:6,1
DA:8,1
DA:9,1
DA:11,1
DA:20,1
DA:25,1
DA:31,1
DA:33,1
LF:12
LH:12
BRF:0
BRH:0
end_of_record
TN:
SF:routes/categoryRoute.js
FNF:0
FNH:0
DA:1,1
DA:2,1
DA:5,1
DA:7,1
DA:8,1
DA:10,1
LF:6
LH:6
BRF:0
BRH:0
end_of_record
TN:
SF:routes/partnerRoutes.js
FNF:0
FNH:0
DA:1,1
DA:2,1
DA:4,1
DA:5,1
DA:9,1
DA:11,1
DA:12,1
DA:14,1
LF:8
LH:8
BRF:0
BRH:0
end_of_record
TN:
SF:routes/userRoutes.js
FNF:0
FNH:0
DA:1,1
DA:2,1
DA:4,1
DA:5,1
DA:9,1
DA:10,1
DA:11,1
DA:12,1
DA:14,1
LF:9
LH:9
BRF:0
BRH:0
end_of_record
TN:
SF:utils/associations.js
FNF:0
FNH:0
DA:8,1
DA:11,1
DA:12,1
DA:15,1
DA:16,1
DA:19,1
DA:20,1
DA:23,1
DA:24,1
DA:28,1
DA:29,1
LF:11
LH:11
BRF:0
BRH:0
end_of_record
